INFO: 2021-10-24 18:35:30,412: main() 'Using profile folder /home/rif/.config/variety/'
INFO: 2021-10-24 18:35:30,460: perform_upgrade() 'Last run version was 0.8.5 or earlier, current version is 0.8.5'
INFO: 2021-10-24 18:35:31,477: process_command() 'Received command: ['--profile', '/home/rif/.config/variety/']'
INFO: 2021-10-24 18:35:31,479: load_banned() 'Missing or invalid banned URLs list, no URLs will be banned'
ERROR: 2021-10-24 18:35:31,633: get_desktop_wallpaper() 'Exception when calling get_wallpaper script'
Traceback (most recent call last):
  File "/usr/lib/python3.9/site-packages/variety/VarietyWindow.py", line 2619, in get_desktop_wallpaper
    output = subprocess.check_output(script).decode().strip()
  File "/usr/lib/python3.9/subprocess.py", line 424, in check_output
    return run(*popenargs, stdout=PIPE, timeout=timeout, check=True,
  File "/usr/lib/python3.9/subprocess.py", line 528, in run
    raise CalledProcessError(retcode, process.args,
subprocess.CalledProcessError: Command '/home/rif/.config/variety/scripts/get_wallpaper' returned non-zero exit status 1.
INFO: 2021-10-24 18:35:31,636: start() 'Using data_path /usr/share/variety'
INFO: 2021-10-24 18:35:31,636: load() 'Jumble loading'
INFO: 2021-10-24 18:35:31,637: _walk_modules() 'Jumble loading module in __init__ from /usr/lib/python3.9/site-packages/variety/plugins/builtin/__init__.py'
INFO: 2021-10-24 18:35:31,652: _walk_modules() 'Jumble loading module in UrbanDictionarySource from /usr/lib/python3.9/site-packages/variety/plugins/builtin/quotes/UrbanDictionarySource.py'
INFO: 2021-10-24 18:35:31,654: load() 'Jumble found plugin class: <class 'UrbanDictionarySource.UrbanDictionarySource'>: {'name': 'Urban Dictionary', 'description': 'Displays definitions from Urban Dictionary', 'author': 'James Miller', 'version': '0.1'}'
INFO: 2021-10-24 18:35:31,655: _walk_modules() 'Jumble loading module in GoodreadsSource from /usr/lib/python3.9/site-packages/variety/plugins/builtin/quotes/GoodreadsSource.py'
INFO: 2021-10-24 18:35:31,731: load() 'Jumble found plugin class: <class 'GoodreadsSource.GoodreadsSource'>: {'name': 'Goodreads', 'description': 'Fetches quotes from Goodreads.com', 'author': 'Peter Levi', 'version': '0.1'}'
INFO: 2021-10-24 18:35:31,732: _walk_modules() 'Jumble loading module in FortuneSource from /usr/lib/python3.9/site-packages/variety/plugins/builtin/quotes/FortuneSource.py'
INFO: 2021-10-24 18:35:31,733: load() 'Jumble found plugin class: <class 'FortuneSource.FortuneSource'>: {'name': 'UNIX fortune program', 'description': 'Displays quotes using the UNIX fortune program. You may want to install additional fortune packs, e.g. fortunes-bofh-excuses.', 'author': 'Dan Jones', 'version': '0.1'}'
INFO: 2021-10-24 18:35:31,734: _walk_modules() 'Jumble loading module in LocalFilesSource from /usr/lib/python3.9/site-packages/variety/plugins/builtin/quotes/LocalFilesSource.py'
INFO: 2021-10-24 18:35:31,736: load() 'Jumble found plugin class: <class 'LocalFilesSource.LocalFilesSource'>: {'name': 'Local text files', 'description': 'Displays quotes, defined in local text files.\nPut your own txt files in: /home/rif/.config/variety/pluginconfig/quotes/.\nThe file format is:\n\nquote -- author\n.\nsecond quote -- another author\n.\netc...\n\nExample: http://rvelthuis.de/zips/quotes.txt', 'author': 'Peter Levi', 'version': '0.1'}'
INFO: 2021-10-24 18:35:31,737: _walk_modules() 'Jumble loading module in __init__ from /usr/lib/python3.9/site-packages/variety/plugins/builtin/quotes/__init__.py'
INFO: 2021-10-24 18:35:31,738: _walk_modules() 'Jumble loading module in QuotationsPageSource from /usr/lib/python3.9/site-packages/variety/plugins/builtin/quotes/QuotationsPageSource.py'
INFO: 2021-10-24 18:35:31,739: load() 'Jumble found plugin class: <class 'QuotationsPageSource.QuotationsPageSource'>: {'name': 'TheQuotationsPage.com', 'description': 'Fetches quotes from TheQuotationsPage.com', 'author': 'Peter Levi', 'version': '0.1'}'
INFO: 2021-10-24 18:35:31,741: _walk_modules() 'Jumble loading module in UnsplashDownloader from /usr/lib/python3.9/site-packages/variety/plugins/builtin/downloaders/UnsplashDownloader.py'
INFO: 2021-10-24 18:35:31,744: load() 'Jumble found plugin class: <class 'UnsplashDownloader.UnsplashDownloader'>: {'name': 'UnsplashDownloader', 'description': 'High-resolution photos from Unsplash.com', 'author': 'Peter Levi', 'version': '0.1'}'
INFO: 2021-10-24 18:35:31,745: _walk_modules() 'Jumble loading module in EarthviewDownloader from /usr/lib/python3.9/site-packages/variety/plugins/builtin/downloaders/EarthviewDownloader.py'
INFO: 2021-10-24 18:35:31,747: load() 'Jumble found plugin class: <class 'EarthviewDownloader.EarthviewDownloader'>: {'name': 'EarthviewDownloader', 'description': 'Google Earth View Wallpapers', 'author': 'Peter Levi', 'version': '0.1'}'
INFO: 2021-10-24 18:35:31,748: _walk_modules() 'Jumble loading module in UnsplashConfigurableSource from /usr/lib/python3.9/site-packages/variety/plugins/builtin/downloaders/UnsplashConfigurableSource.py'
INFO: 2021-10-24 18:35:31,752: load() 'Jumble found plugin class: <class 'UnsplashConfigurableSource.UnsplashConfigurableSource'>: {'name': 'UnsplashConfigurableSource', 'description': 'Configurable source for fetching photos from Unsplash.com', 'author': 'Peter Levi', 'version': '0.1'}'
INFO: 2021-10-24 18:35:31,753: _walk_modules() 'Jumble loading module in RedditSource from /usr/lib/python3.9/site-packages/variety/plugins/builtin/downloaders/RedditSource.py'
INFO: 2021-10-24 18:35:31,756: load() 'Jumble found plugin class: <class 'RedditSource.RedditSource'>: {'name': 'RedditSource', 'description': 'Configurable source for fetching images from Reddit', 'author': 'Peter Levi', 'version': '0.1'}'
INFO: 2021-10-24 18:35:31,757: _walk_modules() 'Jumble loading module in WallhavenDownloader from /usr/lib/python3.9/site-packages/variety/plugins/builtin/downloaders/WallhavenDownloader.py'
INFO: 2021-10-24 18:35:31,759: _walk_modules() 'Jumble loading module in MediaRSSSource from /usr/lib/python3.9/site-packages/variety/plugins/builtin/downloaders/MediaRSSSource.py'
INFO: 2021-10-24 18:35:31,761: load() 'Jumble found plugin class: <class 'MediaRSSSource.MediaRSSSource'>: {'name': 'MediaRSSSource', 'description': 'Configurable source for fetching images from MediaRSS feeds', 'author': 'Peter Levi', 'version': '0.1'}'
INFO: 2021-10-24 18:35:31,762: _walk_modules() 'Jumble loading module in APODDownloader from /usr/lib/python3.9/site-packages/variety/plugins/builtin/downloaders/APODDownloader.py'
INFO: 2021-10-24 18:35:31,763: load() 'Jumble found plugin class: <class 'APODDownloader.APODDownloader'>: {'name': 'APODDownloader', 'description': 'NASA Astro Pic of the Day', 'author': 'Peter Levi', 'version': '0.1'}'
INFO: 2021-10-24 18:35:31,764: _walk_modules() 'Jumble loading module in RedditDownloader from /usr/lib/python3.9/site-packages/variety/plugins/builtin/downloaders/RedditDownloader.py'
INFO: 2021-10-24 18:35:31,764: _walk_modules() 'Jumble loading module in WallhavenSource from /usr/lib/python3.9/site-packages/variety/plugins/builtin/downloaders/WallhavenSource.py'
INFO: 2021-10-24 18:35:31,768: load() 'Jumble found plugin class: <class 'WallhavenSource.WallhavenSource'>: {'name': 'WallhavenSource', 'description': 'Configurable source for fetching images from Wallhaven.cc', 'author': 'Peter Levi', 'version': '0.1'}'
INFO: 2021-10-24 18:35:31,769: _walk_modules() 'Jumble loading module in BingDownloader from /usr/lib/python3.9/site-packages/variety/plugins/builtin/downloaders/BingDownloader.py'
INFO: 2021-10-24 18:35:31,770: load() 'Jumble found plugin class: <class 'BingDownloader.BingDownloader'>: {'name': 'BingDownloader', 'description': 'Bing Photo of the Day', 'author': 'Peter Levi', 'version': '0.1'}'
INFO: 2021-10-24 18:35:31,770: _walk_modules() 'Jumble loading module in MediaRSSDownloader from /usr/lib/python3.9/site-packages/variety/plugins/builtin/downloaders/MediaRSSDownloader.py'
INFO: 2021-10-24 18:35:31,770: _walk_modules() 'Jumble loading module in __init__ from /usr/lib/python3.9/site-packages/variety/plugins/builtin/downloaders/__init__.py'
INFO: 2021-10-24 18:35:31,824: reload_config() 'Creating new downloader for type wallhaven, location https://wallhaven.cc/search?categories=110&purity=110&atleast=1280x720&topRange=6M&sorting=toplist&order=asc'
INFO: 2021-10-24 18:35:31,824: reload_config() 'Creating new downloader for type wallhaven, location https://wallhaven.cc/search?q=id%3A1&categories=110&purity=110&sorting=random&order=desc'
INFO: 2021-10-24 18:35:31,824: reload_config() 'Creating new downloader for type wallhaven, location https://wallhaven.cc/search?q=id:1&sorting=random&ref=fp'
INFO: 2021-10-24 18:35:31,825: reload_config() 'Creating new downloader for type wallhaven, location https://wallhaven.cc/search?q=id:5&sorting=random&ref=fp'
INFO: 2021-10-24 18:35:31,864: log_options() 'Loaded options:'
INFO: 2021-10-24 18:35:31,864: log_options() 'change_enabled = False'
INFO: 2021-10-24 18:35:31,864: log_options() 'change_interval = 900'
INFO: 2021-10-24 18:35:31,864: log_options() 'change_on_start = False'
INFO: 2021-10-24 18:35:31,864: log_options() 'clipboard_enabled = False'
INFO: 2021-10-24 18:35:31,865: log_options() 'clipboard_hosts = ['wallhaven.cc', 'wallpapers.net', 'flickr.com', 'imgur.com', 'deviantart.com', 'interfacelift.com', 'vladstudio.com', 'imageshack.us', 'deviantart.net', 'imageshack.com']'
INFO: 2021-10-24 18:35:31,865: log_options() 'clipboard_use_whitelist = True'
INFO: 2021-10-24 18:35:31,865: log_options() 'clock_date_font = Ubuntu Condensed, 30'
INFO: 2021-10-24 18:35:31,865: log_options() 'clock_enabled = False'
INFO: 2021-10-24 18:35:31,865: log_options() 'clock_filter = -density 100 -font `fc-match -f '%{file[0]}' '%CLOCK_FONT_NAME'` -pointsize %CLOCK_FONT_SIZE -gravity SouthEast -fill '#00000044' -annotate 0x0+[%HOFFSET+58]+[%VOFFSET+108] '%H:%M' -fill white -annotate 0x0+[%HOFFSET+60]+[%VOFFSET+110] '%H:%M' -font `fc-match -f '%{file[0]}' '%DATE_FONT_NAME'` -pointsize %DATE_FONT_SIZE -fill '#00000044' -annotate 0x0+[%HOFFSET+58]+[%VOFFSET+58] '%A, %B %d' -fill white -annotate 0x0+[%HOFFSET+60]+[%VOFFSET+60] '%A, %B %d''
INFO: 2021-10-24 18:35:31,865: log_options() 'clock_font = Ubuntu Condensed, 70'
INFO: 2021-10-24 18:35:31,865: log_options() 'configfile = /home/rif/.config/variety/variety.conf'
INFO: 2021-10-24 18:35:31,865: log_options() 'copyto_enabled = False'
INFO: 2021-10-24 18:35:31,865: log_options() 'copyto_folder = Default'
INFO: 2021-10-24 18:35:31,865: log_options() 'desired_color = [160, 160, 160]'
INFO: 2021-10-24 18:35:31,865: log_options() 'desired_color_enabled = False'
INFO: 2021-10-24 18:35:31,865: log_options() 'download_folder = /home/rif/.config/variety/Downloaded'
INFO: 2021-10-24 18:35:31,866: log_options() 'download_preference_ratio = 0.9'
INFO: 2021-10-24 18:35:31,866: log_options() 'favorites_folder = /home/rif/.config/variety/Favorites'
INFO: 2021-10-24 18:35:31,866: log_options() 'favorites_operations = [['Downloaded', 'Copy'], ['Fetched', 'Move'], ['Others', 'Copy']]'
INFO: 2021-10-24 18:35:31,866: log_options() 'fetched_folder = /home/rif/.config/variety/Fetched'
INFO: 2021-10-24 18:35:31,866: log_options() 'filters = [[False, 'Keep original', ''], [False, 'Grayscale', '-type Grayscale'], [False, 'Heavy blur', '-blur 120x40'], [False, 'Soft blur', '-blur 20x7'], [False, 'Oil painting', '-paint 8'], [False, 'Pointilism', '-spread 10 -noise 3'], [False, 'Pixellate', '-scale 3% -scale 3333%']]'
INFO: 2021-10-24 18:35:31,866: log_options() 'icon = Light'
INFO: 2021-10-24 18:35:31,866: log_options() 'lightness_enabled = False'
INFO: 2021-10-24 18:35:31,866: log_options() 'lightness_mode = 0'
INFO: 2021-10-24 18:35:31,866: log_options() 'min_rating = 4'
INFO: 2021-10-24 18:35:31,866: log_options() 'min_rating_enabled = False'
INFO: 2021-10-24 18:35:31,866: log_options() 'min_size = 80'
INFO: 2021-10-24 18:35:31,866: log_options() 'min_size_enabled = False'
INFO: 2021-10-24 18:35:31,867: log_options() 'quota_enabled = True'
INFO: 2021-10-24 18:35:31,867: log_options() 'quota_size = 1000'
INFO: 2021-10-24 18:35:31,867: log_options() 'quotes_authors = '
INFO: 2021-10-24 18:35:31,867: log_options() 'quotes_bg_color = [80, 80, 80]'
INFO: 2021-10-24 18:35:31,867: log_options() 'quotes_bg_opacity = 55'
INFO: 2021-10-24 18:35:31,867: log_options() 'quotes_change_enabled = False'
INFO: 2021-10-24 18:35:31,867: log_options() 'quotes_change_interval = 300'
INFO: 2021-10-24 18:35:31,867: log_options() 'quotes_disabled_sources = ['Urban Dictionary']'
INFO: 2021-10-24 18:35:31,867: log_options() 'quotes_enabled = False'
INFO: 2021-10-24 18:35:31,867: log_options() 'quotes_favorites_file = /home/rif/.config/variety/favorite_quotes.txt'
INFO: 2021-10-24 18:35:31,867: log_options() 'quotes_font = Bitstream Charter 30'
INFO: 2021-10-24 18:35:31,867: log_options() 'quotes_hpos = 100'
INFO: 2021-10-24 18:35:31,867: log_options() 'quotes_max_length = 250'
INFO: 2021-10-24 18:35:31,868: log_options() 'quotes_tags = '
INFO: 2021-10-24 18:35:31,868: log_options() 'quotes_text_color = [255, 255, 255]'
INFO: 2021-10-24 18:35:31,868: log_options() 'quotes_text_shadow = False'
INFO: 2021-10-24 18:35:31,868: log_options() 'quotes_vpos = 40'
INFO: 2021-10-24 18:35:31,868: log_options() 'quotes_width = 70'
INFO: 2021-10-24 18:35:31,868: log_options() 'safe_mode = False'
INFO: 2021-10-24 18:35:31,868: log_options() 'slideshow_custom_enabled = False'
INFO: 2021-10-24 18:35:31,868: log_options() 'slideshow_custom_folder = /home/rif/Pictures'
INFO: 2021-10-24 18:35:31,868: log_options() 'slideshow_downloads_enabled = False'
INFO: 2021-10-24 18:35:31,868: log_options() 'slideshow_fade = 0.4'
INFO: 2021-10-24 18:35:31,868: log_options() 'slideshow_favorites_enabled = True'
INFO: 2021-10-24 18:35:31,868: log_options() 'slideshow_mode = Fullscreen'
INFO: 2021-10-24 18:35:31,868: log_options() 'slideshow_monitor = All'
INFO: 2021-10-24 18:35:31,869: log_options() 'slideshow_pan = 0.05'
INFO: 2021-10-24 18:35:31,869: log_options() 'slideshow_seconds = 6.0'
INFO: 2021-10-24 18:35:31,869: log_options() 'slideshow_sort_order = Random'
INFO: 2021-10-24 18:35:31,869: log_options() 'slideshow_sources_enabled = True'
INFO: 2021-10-24 18:35:31,869: log_options() 'slideshow_zoom = 0.2'
INFO: 2021-10-24 18:35:31,869: log_options() 'smart_enabled = False'
INFO: 2021-10-24 18:35:31,869: log_options() 'smart_notice_shown = False'
INFO: 2021-10-24 18:35:31,869: log_options() 'smart_register_shown = False'
INFO: 2021-10-24 18:35:31,869: log_options() 'sources = [[True, 'favorites', 'The Favorites folder'], [True, 'fetched', 'The Fetched folder'], [True, 'folder', '/usr/share/backgrounds'], [False, 'flickr', 'user:www.flickr.com/photos/peter-levi/;user_id:93647178@N00;'], [False, 'apod', "NASA's Astronomy Picture of the Day"], [False, 'bing', 'Bing Photo of the Day'], [False, 'earthview', 'Google Earth View Wallpapers'], [False, 'unsplash', 'High-resolution photos from Unsplash.com'], [True, 'wallhaven', 'https://wallhaven.cc/search?categories=110&purity=110&atleast=1280x720&topRange=6M&sorting=toplist&order=asc'], [True, 'wallhaven', 'https://wallhaven.cc/search?q=id%3A1&categories=110&purity=110&sorting=random&order=desc'], [True, 'wallhaven', 'https://wallhaven.cc/search?q=id:1&sorting=random&ref=fp'], [True, 'wallhaven', 'https://wallhaven.cc/search?q=id:5&sorting=random&ref=fp']]'
INFO: 2021-10-24 18:35:31,869: log_options() 'stats_enabled = True'
INFO: 2021-10-24 18:35:31,869: log_options() 'stats_notice_shown = False'
INFO: 2021-10-24 18:35:31,869: log_options() 'sync_enabled = True'
INFO: 2021-10-24 18:35:31,870: log_options() 'use_landscape_enabled = True'
INFO: 2021-10-24 18:35:31,870: reload_config() 'No need to clear prepared queue'
INFO: 2021-10-24 18:35:31,870: update_indicator() 'Setting file info to: /home/rif/.config/variety/Downloaded/wallhaven_wallhaven_cc_search_q_id_5_sorting_random_ref_fp/wallhaven-4ymzgk.png'
INFO: 2021-10-24 18:35:31,902: load_last_change_time() 'Change interval < 6 hours, ignore persisted last_change_time, wait initially the whole interval: 900'
INFO: 2021-10-24 18:35:31,902: update_indicator() 'Setting file info to: /home/rif/.config/variety/Downloaded/wallhaven_wallhaven_cc_search_q_id_5_sorting_random_ref_fp/wallhaven-4ymzgk.png'
INFO: 2021-10-24 18:35:31,904: regular_change_thread() 'regular_change thread running'
INFO: 2021-10-24 18:35:31,904: regular_change_thread() 'regular_change: waiting till user resumes'
INFO: 2021-10-24 18:35:31,905: prepare_thread() 'Prepare thread running'
INFO: 2021-10-24 18:35:31,905: prepare_thread() 'Prepared buffer contains 0 images'
INFO: 2021-10-24 18:35:31,906: prepare_thread() 'Preparing some images'
INFO: 2021-10-24 18:35:31,910: update_indicator_icon() 'Creating indicator'
WARNING: 2021-10-24 18:35:31,941: create_menu() 'Variety Slideshow is not installed. This is an optional extension adding pan-and-zoom slideshows to Variety: see https://github.com/peterlevi/variety-slideshow for details'
INFO: 2021-10-24 18:35:31,943: create_indicator() 'indicator backend: AppIndicator3'
INFO: 2021-10-24 18:35:31,972: set_from_theme_icon() 'Showing indicator icon variety-indicator from GTK theme'
INFO: 2021-10-24 18:35:32,002: do_set_wp() 'Calling do_set_wp with /home/rif/.config/variety/Downloaded/wallhaven_wallhaven_cc_search_q_id_5_sorting_random_ref_fp/wallhaven-4ymzgk.png, time: 1635078932.0027075'
ERROR: 2021-10-24 18:35:32,017: get_desktop_wallpaper() 'Exception when calling get_wallpaper script'
Traceback (most recent call last):
  File "/usr/lib/python3.9/site-packages/variety/VarietyWindow.py", line 2619, in get_desktop_wallpaper
    output = subprocess.check_output(script).decode().strip()
  File "/usr/lib/python3.9/subprocess.py", line 424, in check_output
    return run(*popenargs, stdout=PIPE, timeout=timeout, check=True,
  File "/usr/lib/python3.9/subprocess.py", line 528, in run
    raise CalledProcessError(retcode, process.args,
subprocess.CalledProcessError: Command '/home/rif/.config/variety/scripts/get_wallpaper' returned non-zero exit status 1.
INFO: 2021-10-24 18:35:32,018: update_indicator() 'Setting file info to: /home/rif/.config/variety/Downloaded/wallhaven_wallhaven_cc_search_q_id_5_sorting_random_ref_fp/wallhaven-4ymzgk.png'
INFO: 2021-10-24 18:35:32,019: list_files() 'More than 1 files in the folders, stop listing'
INFO: 2021-10-24 18:35:33,677: reload() 'Reloading preferences dialog'
INFO: 2021-10-24 18:35:33,704: prepare_thread() 'After search prepared buffer contains 100 images'
INFO: 2021-10-24 18:35:35,704: trigger_download() 'Triggering download thread to check if download needed'
INFO: 2021-10-24 18:35:51,924: server_options_thread() 'Fetching server options from http://tiny.cc/variety-options-063'
INFO: 2021-10-24 18:35:55,619: server_options_thread() 'Fetched server options: {'flickr': {'min_fill_queue_interval': 1200, 'min_download_interval': 1200}, 'wallbase': {'min_fill_queue_interval': 1800, 'min_download_interval': 1800}, 'wallhaven': {'min_fill_queue_interval': 1800, 'min_download_interval': 1800}, 'wallpapers.net': {'min_fill_queue_interval': 601, 'min_download_interval': 0}, 'unsplash': {'min_fill_queue_interval': 20000000000, 'min_download_interval': 20000000000}, 'unsplash_v2': {'min_fill_queue_interval': 2000, 'min_download_interval': 1200}, 'status_message': {'0.0.1': '', '*': ''}}'
INFO: 2021-10-24 18:42:29,539: do_set_wp() 'Calling do_set_wp with /home/rif/.config/variety/Downloaded/wallhaven_wallhaven_cc_search_q_id_1_sorting_random_ref_fp/wallhaven-w8ym8x.jpg, time: 1635079349.5392387'
ERROR: 2021-10-24 18:42:29,582: get_desktop_wallpaper() 'Exception when calling get_wallpaper script'
Traceback (most recent call last):
  File "/usr/lib/python3.9/site-packages/variety/VarietyWindow.py", line 2619, in get_desktop_wallpaper
    output = subprocess.check_output(script).decode().strip()
  File "/usr/lib/python3.9/subprocess.py", line 424, in check_output
    return run(*popenargs, stdout=PIPE, timeout=timeout, check=True,
  File "/usr/lib/python3.9/subprocess.py", line 528, in run
    raise CalledProcessError(retcode, process.args,
subprocess.CalledProcessError: Command '/home/rif/.config/variety/scripts/get_wallpaper' returned non-zero exit status 1.
INFO: 2021-10-24 18:42:29,584: update_indicator() 'Setting file info to: /home/rif/.config/variety/Downloaded/wallhaven_wallhaven_cc_search_q_id_1_sorting_random_ref_fp/wallhaven-w8ym8x.jpg'
INFO: 2021-10-24 18:42:29,590: list_files() 'More than 1 files in the folders, stop listing'
INFO: 2021-10-24 18:42:31,486: do_set_wp() 'Calling do_set_wp with /home/rif/.config/variety/Downloaded/wallhaven_wallhaven_cc_search_q_id_5_sorting_random_ref_fp/wallhaven-4ymzgk.png, time: 1635079351.486018'
ERROR: 2021-10-24 18:42:31,517: get_desktop_wallpaper() 'Exception when calling get_wallpaper script'
Traceback (most recent call last):
  File "/usr/lib/python3.9/site-packages/variety/VarietyWindow.py", line 2619, in get_desktop_wallpaper
    output = subprocess.check_output(script).decode().strip()
  File "/usr/lib/python3.9/subprocess.py", line 424, in check_output
    return run(*popenargs, stdout=PIPE, timeout=timeout, check=True,
  File "/usr/lib/python3.9/subprocess.py", line 528, in run
    raise CalledProcessError(retcode, process.args,
subprocess.CalledProcessError: Command '/home/rif/.config/variety/scripts/get_wallpaper' returned non-zero exit status 1.
INFO: 2021-10-24 18:42:31,519: update_indicator() 'Setting file info to: /home/rif/.config/variety/Downloaded/wallhaven_wallhaven_cc_search_q_id_5_sorting_random_ref_fp/wallhaven-4ymzgk.png'
INFO: 2021-10-24 18:42:31,523: list_files() 'More than 1 files in the folders, stop listing'
INFO: 2021-10-24 18:42:32,821: do_set_wp() 'Calling do_set_wp with /home/rif/.config/variety/Downloaded/wallhaven_wallhaven_cc_search_q_id_5_sorting_random_ref_fp/wallhaven-nz61zv.jpg, time: 1635079352.820998'
ERROR: 2021-10-24 18:42:32,864: get_desktop_wallpaper() 'Exception when calling get_wallpaper script'
Traceback (most recent call last):
  File "/usr/lib/python3.9/site-packages/variety/VarietyWindow.py", line 2619, in get_desktop_wallpaper
    output = subprocess.check_output(script).decode().strip()
  File "/usr/lib/python3.9/subprocess.py", line 424, in check_output
    return run(*popenargs, stdout=PIPE, timeout=timeout, check=True,
  File "/usr/lib/python3.9/subprocess.py", line 528, in run
    raise CalledProcessError(retcode, process.args,
subprocess.CalledProcessError: Command '/home/rif/.config/variety/scripts/get_wallpaper' returned non-zero exit status 1.
INFO: 2021-10-24 18:42:32,866: update_indicator() 'Setting file info to: /home/rif/.config/variety/Downloaded/wallhaven_wallhaven_cc_search_q_id_5_sorting_random_ref_fp/wallhaven-nz61zv.jpg'
INFO: 2021-10-24 18:42:32,872: list_files() 'More than 1 files in the folders, stop listing'
INFO: 2021-10-24 18:42:34,732: do_set_wp() 'Calling do_set_wp with /home/rif/.config/variety/Downloaded/wallhaven_wallhaven_cc_search_q_id_5_sorting_random_ref_fp/wallhaven-4ymzgk.png, time: 1635079354.7325873'
ERROR: 2021-10-24 18:42:34,772: get_desktop_wallpaper() 'Exception when calling get_wallpaper script'
Traceback (most recent call last):
  File "/usr/lib/python3.9/site-packages/variety/VarietyWindow.py", line 2619, in get_desktop_wallpaper
    output = subprocess.check_output(script).decode().strip()
  File "/usr/lib/python3.9/subprocess.py", line 424, in check_output
    return run(*popenargs, stdout=PIPE, timeout=timeout, check=True,
  File "/usr/lib/python3.9/subprocess.py", line 528, in run
    raise CalledProcessError(retcode, process.args,
subprocess.CalledProcessError: Command '/home/rif/.config/variety/scripts/get_wallpaper' returned non-zero exit status 1.
INFO: 2021-10-24 18:42:34,774: update_indicator() 'Setting file info to: /home/rif/.config/variety/Downloaded/wallhaven_wallhaven_cc_search_q_id_5_sorting_random_ref_fp/wallhaven-4ymzgk.png'
INFO: 2021-10-24 18:42:34,779: list_files() 'More than 1 files in the folders, stop listing'
INFO: 2021-10-24 18:53:55,907: do_set_wp() 'Calling do_set_wp with /home/rif/.config/variety/Downloaded/wallhaven_wallhaven_cc_search_q_id_1_sorting_random_ref_fp/wallhaven-w8ym8x.jpg, time: 1635080035.9076812'
ERROR: 2021-10-24 18:53:55,925: get_desktop_wallpaper() 'Exception when calling get_wallpaper script'
Traceback (most recent call last):
  File "/usr/lib/python3.9/site-packages/variety/VarietyWindow.py", line 2619, in get_desktop_wallpaper
    output = subprocess.check_output(script).decode().strip()
  File "/usr/lib/python3.9/subprocess.py", line 424, in check_output
    return run(*popenargs, stdout=PIPE, timeout=timeout, check=True,
  File "/usr/lib/python3.9/subprocess.py", line 528, in run
    raise CalledProcessError(retcode, process.args,
subprocess.CalledProcessError: Command '/home/rif/.config/variety/scripts/get_wallpaper' returned non-zero exit status 1.
INFO: 2021-10-24 18:53:55,926: update_indicator() 'Setting file info to: /home/rif/.config/variety/Downloaded/wallhaven_wallhaven_cc_search_q_id_1_sorting_random_ref_fp/wallhaven-w8ym8x.jpg'
INFO: 2021-10-24 18:53:55,927: list_files() 'More than 1 files in the folders, stop listing'
INFO: 2021-10-24 18:53:58,688: do_set_wp() 'Calling do_set_wp with /home/rif/.config/variety/Downloaded/wallhaven_wallhaven_cc_search_q_id_5_sorting_random_ref_fp/wallhaven-4ymzgk.png, time: 1635080038.6884604'
ERROR: 2021-10-24 18:53:58,701: get_desktop_wallpaper() 'Exception when calling get_wallpaper script'
Traceback (most recent call last):
  File "/usr/lib/python3.9/site-packages/variety/VarietyWindow.py", line 2619, in get_desktop_wallpaper
    output = subprocess.check_output(script).decode().strip()
  File "/usr/lib/python3.9/subprocess.py", line 424, in check_output
    return run(*popenargs, stdout=PIPE, timeout=timeout, check=True,
  File "/usr/lib/python3.9/subprocess.py", line 528, in run
    raise CalledProcessError(retcode, process.args,
subprocess.CalledProcessError: Command '/home/rif/.config/variety/scripts/get_wallpaper' returned non-zero exit status 1.
INFO: 2021-10-24 18:53:58,701: update_indicator() 'Setting file info to: /home/rif/.config/variety/Downloaded/wallhaven_wallhaven_cc_search_q_id_5_sorting_random_ref_fp/wallhaven-4ymzgk.png'
INFO: 2021-10-24 18:53:58,703: list_files() 'More than 1 files in the folders, stop listing'
INFO: 2021-10-24 19:04:45,586: do_set_wp() 'Calling do_set_wp with /home/rif/.config/variety/Downloaded/wallhaven_wallhaven_cc_search_q_id_1_sorting_random_ref_fp/wallhaven-w8ym8x.jpg, time: 1635080685.5868316'
ERROR: 2021-10-24 19:04:45,623: get_desktop_wallpaper() 'Exception when calling get_wallpaper script'
Traceback (most recent call last):
  File "/usr/lib/python3.9/site-packages/variety/VarietyWindow.py", line 2619, in get_desktop_wallpaper
    output = subprocess.check_output(script).decode().strip()
  File "/usr/lib/python3.9/subprocess.py", line 424, in check_output
    return run(*popenargs, stdout=PIPE, timeout=timeout, check=True,
  File "/usr/lib/python3.9/subprocess.py", line 528, in run
    raise CalledProcessError(retcode, process.args,
subprocess.CalledProcessError: Command '/home/rif/.config/variety/scripts/get_wallpaper' returned non-zero exit status 1.
INFO: 2021-10-24 19:04:45,624: update_indicator() 'Setting file info to: /home/rif/.config/variety/Downloaded/wallhaven_wallhaven_cc_search_q_id_1_sorting_random_ref_fp/wallhaven-w8ym8x.jpg'
INFO: 2021-10-24 19:04:45,626: list_files() 'More than 1 files in the folders, stop listing'
INFO: 2021-10-24 19:04:48,130: do_set_wp() 'Calling do_set_wp with /home/rif/.config/variety/Downloaded/wallhaven_wallhaven_cc_search_q_id_5_sorting_random_ref_fp/wallhaven-4ymzgk.png, time: 1635080688.130132'
ERROR: 2021-10-24 19:04:48,172: get_desktop_wallpaper() 'Exception when calling get_wallpaper script'
Traceback (most recent call last):
  File "/usr/lib/python3.9/site-packages/variety/VarietyWindow.py", line 2619, in get_desktop_wallpaper
    output = subprocess.check_output(script).decode().strip()
  File "/usr/lib/python3.9/subprocess.py", line 424, in check_output
    return run(*popenargs, stdout=PIPE, timeout=timeout, check=True,
  File "/usr/lib/python3.9/subprocess.py", line 528, in run
    raise CalledProcessError(retcode, process.args,
subprocess.CalledProcessError: Command '/home/rif/.config/variety/scripts/get_wallpaper' returned non-zero exit status 1.
INFO: 2021-10-24 19:04:48,174: update_indicator() 'Setting file info to: /home/rif/.config/variety/Downloaded/wallhaven_wallhaven_cc_search_q_id_5_sorting_random_ref_fp/wallhaven-4ymzgk.png'
INFO: 2021-10-24 19:04:48,178: list_files() 'More than 1 files in the folders, stop listing'
INFO: 2021-10-24 19:04:51,055: do_set_wp() 'Calling do_set_wp with /home/rif/.config/variety/Downloaded/wallhaven_wallhaven_cc_search_q_id_5_sorting_random_ref_fp/wallhaven-nz61zv.jpg, time: 1635080691.0550969'
ERROR: 2021-10-24 19:04:51,095: get_desktop_wallpaper() 'Exception when calling get_wallpaper script'
Traceback (most recent call last):
  File "/usr/lib/python3.9/site-packages/variety/VarietyWindow.py", line 2619, in get_desktop_wallpaper
    output = subprocess.check_output(script).decode().strip()
  File "/usr/lib/python3.9/subprocess.py", line 424, in check_output
    return run(*popenargs, stdout=PIPE, timeout=timeout, check=True,
  File "/usr/lib/python3.9/subprocess.py", line 528, in run
    raise CalledProcessError(retcode, process.args,
subprocess.CalledProcessError: Command '/home/rif/.config/variety/scripts/get_wallpaper' returned non-zero exit status 1.
INFO: 2021-10-24 19:04:51,096: update_indicator() 'Setting file info to: /home/rif/.config/variety/Downloaded/wallhaven_wallhaven_cc_search_q_id_5_sorting_random_ref_fp/wallhaven-nz61zv.jpg'
INFO: 2021-10-24 19:04:51,099: list_files() 'More than 1 files in the folders, stop listing'
INFO: 2021-10-24 19:04:53,402: do_set_wp() 'Calling do_set_wp with /home/rif/.config/variety/Downloaded/wallhaven_wallhaven_cc_search_q_id_5_sorting_random_ref_fp/wallhaven-4ymzgk.png, time: 1635080693.402132'
ERROR: 2021-10-24 19:04:53,415: get_desktop_wallpaper() 'Exception when calling get_wallpaper script'
Traceback (most recent call last):
  File "/usr/lib/python3.9/site-packages/variety/VarietyWindow.py", line 2619, in get_desktop_wallpaper
    output = subprocess.check_output(script).decode().strip()
  File "/usr/lib/python3.9/subprocess.py", line 424, in check_output
    return run(*popenargs, stdout=PIPE, timeout=timeout, check=True,
  File "/usr/lib/python3.9/subprocess.py", line 528, in run
    raise CalledProcessError(retcode, process.args,
subprocess.CalledProcessError: Command '/home/rif/.config/variety/scripts/get_wallpaper' returned non-zero exit status 1.
INFO: 2021-10-24 19:04:53,416: update_indicator() 'Setting file info to: /home/rif/.config/variety/Downloaded/wallhaven_wallhaven_cc_search_q_id_5_sorting_random_ref_fp/wallhaven-4ymzgk.png'
INFO: 2021-10-24 19:04:53,417: list_files() 'More than 1 files in the folders, stop listing'
INFO: 2021-10-24 19:39:35,640: do_set_wp() 'Calling do_set_wp with /home/rif/.config/variety/Downloaded/wallhaven_wallhaven_cc_search_q_id_1_sorting_random_ref_fp/wallhaven-w8ym8x.jpg, time: 1635082775.6401544'
ERROR: 2021-10-24 19:39:35,733: get_desktop_wallpaper() 'Exception when calling get_wallpaper script'
Traceback (most recent call last):
  File "/usr/lib/python3.9/site-packages/variety/VarietyWindow.py", line 2619, in get_desktop_wallpaper
    output = subprocess.check_output(script).decode().strip()
  File "/usr/lib/python3.9/subprocess.py", line 424, in check_output
    return run(*popenargs, stdout=PIPE, timeout=timeout, check=True,
  File "/usr/lib/python3.9/subprocess.py", line 528, in run
    raise CalledProcessError(retcode, process.args,
subprocess.CalledProcessError: Command '/home/rif/.config/variety/scripts/get_wallpaper' returned non-zero exit status 1.
INFO: 2021-10-24 19:39:35,743: update_indicator() 'Setting file info to: /home/rif/.config/variety/Downloaded/wallhaven_wallhaven_cc_search_q_id_1_sorting_random_ref_fp/wallhaven-w8ym8x.jpg'
INFO: 2021-10-24 19:39:35,778: list_files() 'More than 1 files in the folders, stop listing'
INFO: 2021-10-24 19:39:37,214: do_set_wp() 'Calling do_set_wp with /home/rif/.config/variety/Downloaded/wallhaven_wallhaven_cc_search_q_id_5_sorting_random_ref_fp/wallhaven-0jd27w.jpg, time: 1635082777.2141538'
ERROR: 2021-10-24 19:39:37,235: get_desktop_wallpaper() 'Exception when calling get_wallpaper script'
Traceback (most recent call last):
  File "/usr/lib/python3.9/site-packages/variety/VarietyWindow.py", line 2619, in get_desktop_wallpaper
    output = subprocess.check_output(script).decode().strip()
  File "/usr/lib/python3.9/subprocess.py", line 424, in check_output
    return run(*popenargs, stdout=PIPE, timeout=timeout, check=True,
  File "/usr/lib/python3.9/subprocess.py", line 528, in run
    raise CalledProcessError(retcode, process.args,
subprocess.CalledProcessError: Command '/home/rif/.config/variety/scripts/get_wallpaper' returned non-zero exit status 1.
INFO: 2021-10-24 19:39:37,236: update_indicator() 'Setting file info to: /home/rif/.config/variety/Downloaded/wallhaven_wallhaven_cc_search_q_id_5_sorting_random_ref_fp/wallhaven-0jd27w.jpg'
INFO: 2021-10-24 19:39:37,266: list_files() 'More than 1 files in the folders, stop listing'
INFO: 2021-10-24 19:39:38,787: do_set_wp() 'Calling do_set_wp with /usr/share/backgrounds/wallpapers-juhraya/Manjaro Juhraya - Mr_Glitch(Projekt:Root).png, time: 1635082778.7878478'
ERROR: 2021-10-24 19:39:38,858: get_desktop_wallpaper() 'Exception when calling get_wallpaper script'
Traceback (most recent call last):
  File "/usr/lib/python3.9/site-packages/variety/VarietyWindow.py", line 2619, in get_desktop_wallpaper
    output = subprocess.check_output(script).decode().strip()
  File "/usr/lib/python3.9/subprocess.py", line 424, in check_output
    return run(*popenargs, stdout=PIPE, timeout=timeout, check=True,
  File "/usr/lib/python3.9/subprocess.py", line 528, in run
    raise CalledProcessError(retcode, process.args,
subprocess.CalledProcessError: Command '/home/rif/.config/variety/scripts/get_wallpaper' returned non-zero exit status 1.
INFO: 2021-10-24 19:39:38,859: update_indicator() 'Setting file info to: /usr/share/backgrounds/wallpapers-juhraya/Manjaro Juhraya - Mr_Glitch(Projekt:Root).png'
INFO: 2021-10-24 19:39:38,867: list_files() 'More than 1 files in the folders, stop listing'
INFO: 2021-10-24 19:39:40,347: do_set_wp() 'Calling do_set_wp with /home/rif/.config/variety/Downloaded/wallhaven_wallhaven_cc_search_categories_110_purity_110_atleast_1280x720_topRange_6M_sorting_toplist_order_asc/wallhaven-9m2mo1.jpg, time: 1635082780.3471358'
ERROR: 2021-10-24 19:39:40,419: get_desktop_wallpaper() 'Exception when calling get_wallpaper script'
Traceback (most recent call last):
  File "/usr/lib/python3.9/site-packages/variety/VarietyWindow.py", line 2619, in get_desktop_wallpaper
    output = subprocess.check_output(script).decode().strip()
  File "/usr/lib/python3.9/subprocess.py", line 424, in check_output
    return run(*popenargs, stdout=PIPE, timeout=timeout, check=True,
  File "/usr/lib/python3.9/subprocess.py", line 528, in run
    raise CalledProcessError(retcode, process.args,
subprocess.CalledProcessError: Command '/home/rif/.config/variety/scripts/get_wallpaper' returned non-zero exit status 1.
INFO: 2021-10-24 19:39:40,421: update_indicator() 'Setting file info to: /home/rif/.config/variety/Downloaded/wallhaven_wallhaven_cc_search_categories_110_purity_110_atleast_1280x720_topRange_6M_sorting_toplist_order_asc/wallhaven-9m2mo1.jpg'
INFO: 2021-10-24 19:39:40,436: list_files() 'More than 1 files in the folders, stop listing'
INFO: 2021-10-24 19:39:42,767: do_set_wp() 'Calling do_set_wp with /home/rif/.config/variety/Downloaded/wallhaven_wallhaven_cc_search_q_id_1_sorting_random_ref_fp/wallhaven-mp33gm.jpg, time: 1635082782.7677639'
ERROR: 2021-10-24 19:39:42,787: get_desktop_wallpaper() 'Exception when calling get_wallpaper script'
Traceback (most recent call last):
  File "/usr/lib/python3.9/site-packages/variety/VarietyWindow.py", line 2619, in get_desktop_wallpaper
    output = subprocess.check_output(script).decode().strip()
  File "/usr/lib/python3.9/subprocess.py", line 424, in check_output
    return run(*popenargs, stdout=PIPE, timeout=timeout, check=True,
  File "/usr/lib/python3.9/subprocess.py", line 528, in run
    raise CalledProcessError(retcode, process.args,
subprocess.CalledProcessError: Command '/home/rif/.config/variety/scripts/get_wallpaper' returned non-zero exit status 1.
INFO: 2021-10-24 19:39:42,788: update_indicator() 'Setting file info to: /home/rif/.config/variety/Downloaded/wallhaven_wallhaven_cc_search_q_id_1_sorting_random_ref_fp/wallhaven-mp33gm.jpg'
INFO: 2021-10-24 19:39:42,801: list_files() 'More than 1 files in the folders, stop listing'
INFO: 2021-10-24 19:39:53,284: do_set_wp() 'Calling do_set_wp with /usr/share/backgrounds/xfce/xfce-teal.jpg, time: 1635082793.2848647'
ERROR: 2021-10-24 19:39:53,388: get_desktop_wallpaper() 'Exception when calling get_wallpaper script'
Traceback (most recent call last):
  File "/usr/lib/python3.9/site-packages/variety/VarietyWindow.py", line 2619, in get_desktop_wallpaper
    output = subprocess.check_output(script).decode().strip()
  File "/usr/lib/python3.9/subprocess.py", line 424, in check_output
    return run(*popenargs, stdout=PIPE, timeout=timeout, check=True,
  File "/usr/lib/python3.9/subprocess.py", line 528, in run
    raise CalledProcessError(retcode, process.args,
subprocess.CalledProcessError: Command '/home/rif/.config/variety/scripts/get_wallpaper' returned non-zero exit status 1.
INFO: 2021-10-24 19:39:53,389: update_indicator() 'Setting file info to: /usr/share/backgrounds/xfce/xfce-teal.jpg'
INFO: 2021-10-24 19:39:53,400: list_files() 'More than 1 files in the folders, stop listing'
INFO: 2021-10-24 19:39:55,606: do_set_wp() 'Calling do_set_wp with /home/rif/.config/variety/Downloaded/wallhaven_wallhaven_cc_search_q_id_1_sorting_random_ref_fp/wallhaven-mp33gm.jpg, time: 1635082795.6064212'
ERROR: 2021-10-24 19:39:55,646: get_desktop_wallpaper() 'Exception when calling get_wallpaper script'
Traceback (most recent call last):
  File "/usr/lib/python3.9/site-packages/variety/VarietyWindow.py", line 2619, in get_desktop_wallpaper
    output = subprocess.check_output(script).decode().strip()
  File "/usr/lib/python3.9/subprocess.py", line 424, in check_output
    return run(*popenargs, stdout=PIPE, timeout=timeout, check=True,
  File "/usr/lib/python3.9/subprocess.py", line 528, in run
    raise CalledProcessError(retcode, process.args,
subprocess.CalledProcessError: Command '/home/rif/.config/variety/scripts/get_wallpaper' returned non-zero exit status 1.
INFO: 2021-10-24 19:39:55,648: update_indicator() 'Setting file info to: /home/rif/.config/variety/Downloaded/wallhaven_wallhaven_cc_search_q_id_1_sorting_random_ref_fp/wallhaven-mp33gm.jpg'
INFO: 2021-10-24 19:39:55,652: list_files() 'More than 1 files in the folders, stop listing'
INFO: 2021-10-24 19:40:02,373: do_set_wp() 'Calling do_set_wp with /usr/share/backgrounds/xfce/xfce-teal.jpg, time: 1635082802.3739107'
ERROR: 2021-10-24 19:40:02,421: get_desktop_wallpaper() 'Exception when calling get_wallpaper script'
Traceback (most recent call last):
  File "/usr/lib/python3.9/site-packages/variety/VarietyWindow.py", line 2619, in get_desktop_wallpaper
    output = subprocess.check_output(script).decode().strip()
  File "/usr/lib/python3.9/subprocess.py", line 424, in check_output
    return run(*popenargs, stdout=PIPE, timeout=timeout, check=True,
  File "/usr/lib/python3.9/subprocess.py", line 528, in run
    raise CalledProcessError(retcode, process.args,
subprocess.CalledProcessError: Command '/home/rif/.config/variety/scripts/get_wallpaper' returned non-zero exit status 1.
INFO: 2021-10-24 19:40:02,423: update_indicator() 'Setting file info to: /usr/share/backgrounds/xfce/xfce-teal.jpg'
INFO: 2021-10-24 19:40:02,425: list_files() 'More than 1 files in the folders, stop listing'
INFO: 2021-10-24 19:40:03,856: do_set_wp() 'Calling do_set_wp with /home/rif/.config/variety/Downloaded/wallhaven_wallhaven_cc_search_q_id_1_sorting_random_ref_fp/wallhaven-43r9md.jpg, time: 1635082803.8566446'
ERROR: 2021-10-24 19:40:03,948: get_desktop_wallpaper() 'Exception when calling get_wallpaper script'
Traceback (most recent call last):
  File "/usr/lib/python3.9/site-packages/variety/VarietyWindow.py", line 2619, in get_desktop_wallpaper
    output = subprocess.check_output(script).decode().strip()
  File "/usr/lib/python3.9/subprocess.py", line 424, in check_output
    return run(*popenargs, stdout=PIPE, timeout=timeout, check=True,
  File "/usr/lib/python3.9/subprocess.py", line 528, in run
    raise CalledProcessError(retcode, process.args,
subprocess.CalledProcessError: Command '/home/rif/.config/variety/scripts/get_wallpaper' returned non-zero exit status 1.
INFO: 2021-10-24 19:40:03,950: update_indicator() 'Setting file info to: /home/rif/.config/variety/Downloaded/wallhaven_wallhaven_cc_search_q_id_1_sorting_random_ref_fp/wallhaven-43r9md.jpg'
INFO: 2021-10-24 19:40:03,962: list_files() 'More than 1 files in the folders, stop listing'
INFO: 2021-10-24 19:40:05,508: do_set_wp() 'Calling do_set_wp with /home/rif/.config/variety/Downloaded/wallhaven_wallhaven_cc_search_categories_110_purity_110_atleast_1280x720_topRange_6M_sorting_toplist_order_asc/wallhaven-j3e7j5.jpg, time: 1635082805.5084774'
ERROR: 2021-10-24 19:40:05,548: get_desktop_wallpaper() 'Exception when calling get_wallpaper script'
Traceback (most recent call last):
  File "/usr/lib/python3.9/site-packages/variety/VarietyWindow.py", line 2619, in get_desktop_wallpaper
    output = subprocess.check_output(script).decode().strip()
  File "/usr/lib/python3.9/subprocess.py", line 424, in check_output
    return run(*popenargs, stdout=PIPE, timeout=timeout, check=True,
  File "/usr/lib/python3.9/subprocess.py", line 528, in run
    raise CalledProcessError(retcode, process.args,
subprocess.CalledProcessError: Command '/home/rif/.config/variety/scripts/get_wallpaper' returned non-zero exit status 1.
INFO: 2021-10-24 19:40:05,549: update_indicator() 'Setting file info to: /home/rif/.config/variety/Downloaded/wallhaven_wallhaven_cc_search_categories_110_purity_110_atleast_1280x720_topRange_6M_sorting_toplist_order_asc/wallhaven-j3e7j5.jpg'
INFO: 2021-10-24 19:40:05,562: list_files() 'More than 1 files in the folders, stop listing'
INFO: 2021-10-24 19:40:07,145: do_set_wp() 'Calling do_set_wp with /home/rif/.config/variety/Downloaded/wallhaven_wallhaven_cc_search_q_id_1_sorting_random_ref_fp/wallhaven-vmzjo3.jpg, time: 1635082807.145557'
ERROR: 2021-10-24 19:40:07,160: get_desktop_wallpaper() 'Exception when calling get_wallpaper script'
Traceback (most recent call last):
  File "/usr/lib/python3.9/site-packages/variety/VarietyWindow.py", line 2619, in get_desktop_wallpaper
    output = subprocess.check_output(script).decode().strip()
  File "/usr/lib/python3.9/subprocess.py", line 424, in check_output
    return run(*popenargs, stdout=PIPE, timeout=timeout, check=True,
  File "/usr/lib/python3.9/subprocess.py", line 528, in run
    raise CalledProcessError(retcode, process.args,
subprocess.CalledProcessError: Command '/home/rif/.config/variety/scripts/get_wallpaper' returned non-zero exit status 1.
INFO: 2021-10-24 19:40:07,160: update_indicator() 'Setting file info to: /home/rif/.config/variety/Downloaded/wallhaven_wallhaven_cc_search_q_id_1_sorting_random_ref_fp/wallhaven-vmzjo3.jpg'
INFO: 2021-10-24 19:40:07,215: list_files() 'More than 1 files in the folders, stop listing'
INFO: 2021-10-24 19:40:11,746: do_set_wp() 'Calling do_set_wp with /home/rif/.config/variety/Downloaded/wallhaven_wallhaven_cc_search_categories_110_purity_110_atleast_1280x720_topRange_6M_sorting_toplist_order_asc/wallhaven-j3e7j5.jpg, time: 1635082811.7467997'
ERROR: 2021-10-24 19:40:11,785: get_desktop_wallpaper() 'Exception when calling get_wallpaper script'
Traceback (most recent call last):
  File "/usr/lib/python3.9/site-packages/variety/VarietyWindow.py", line 2619, in get_desktop_wallpaper
    output = subprocess.check_output(script).decode().strip()
  File "/usr/lib/python3.9/subprocess.py", line 424, in check_output
    return run(*popenargs, stdout=PIPE, timeout=timeout, check=True,
  File "/usr/lib/python3.9/subprocess.py", line 528, in run
    raise CalledProcessError(retcode, process.args,
subprocess.CalledProcessError: Command '/home/rif/.config/variety/scripts/get_wallpaper' returned non-zero exit status 1.
INFO: 2021-10-24 19:40:11,786: update_indicator() 'Setting file info to: /home/rif/.config/variety/Downloaded/wallhaven_wallhaven_cc_search_categories_110_purity_110_atleast_1280x720_topRange_6M_sorting_toplist_order_asc/wallhaven-j3e7j5.jpg'
INFO: 2021-10-24 19:40:11,788: list_files() 'More than 1 files in the folders, stop listing'
INFO: 2021-10-24 19:40:12,747: do_set_wp() 'Calling do_set_wp with /home/rif/.config/variety/Downloaded/wallhaven_wallhaven_cc_search_q_id_1_sorting_random_ref_fp/wallhaven-43r9md.jpg, time: 1635082812.7473705'
ERROR: 2021-10-24 19:40:12,789: get_desktop_wallpaper() 'Exception when calling get_wallpaper script'
Traceback (most recent call last):
  File "/usr/lib/python3.9/site-packages/variety/VarietyWindow.py", line 2619, in get_desktop_wallpaper
    output = subprocess.check_output(script).decode().strip()
  File "/usr/lib/python3.9/subprocess.py", line 424, in check_output
    return run(*popenargs, stdout=PIPE, timeout=timeout, check=True,
  File "/usr/lib/python3.9/subprocess.py", line 528, in run
    raise CalledProcessError(retcode, process.args,
subprocess.CalledProcessError: Command '/home/rif/.config/variety/scripts/get_wallpaper' returned non-zero exit status 1.
INFO: 2021-10-24 19:40:12,791: update_indicator() 'Setting file info to: /home/rif/.config/variety/Downloaded/wallhaven_wallhaven_cc_search_q_id_1_sorting_random_ref_fp/wallhaven-43r9md.jpg'
INFO: 2021-10-24 19:40:12,796: list_files() 'More than 1 files in the folders, stop listing'
INFO: 2021-10-24 19:40:14,054: do_set_wp() 'Calling do_set_wp with /usr/share/backgrounds/xfce/xfce-teal.jpg, time: 1635082814.0547502'
ERROR: 2021-10-24 19:40:14,094: get_desktop_wallpaper() 'Exception when calling get_wallpaper script'
Traceback (most recent call last):
  File "/usr/lib/python3.9/site-packages/variety/VarietyWindow.py", line 2619, in get_desktop_wallpaper
    output = subprocess.check_output(script).decode().strip()
  File "/usr/lib/python3.9/subprocess.py", line 424, in check_output
    return run(*popenargs, stdout=PIPE, timeout=timeout, check=True,
  File "/usr/lib/python3.9/subprocess.py", line 528, in run
    raise CalledProcessError(retcode, process.args,
subprocess.CalledProcessError: Command '/home/rif/.config/variety/scripts/get_wallpaper' returned non-zero exit status 1.
INFO: 2021-10-24 19:40:14,095: update_indicator() 'Setting file info to: /usr/share/backgrounds/xfce/xfce-teal.jpg'
INFO: 2021-10-24 19:40:14,096: list_files() 'More than 1 files in the folders, stop listing'
INFO: 2021-10-24 19:40:15,617: do_set_wp() 'Calling do_set_wp with /home/rif/.config/variety/Downloaded/wallhaven_wallhaven_cc_search_q_id_1_sorting_random_ref_fp/wallhaven-mp33gm.jpg, time: 1635082815.6177118'
ERROR: 2021-10-24 19:40:15,660: get_desktop_wallpaper() 'Exception when calling get_wallpaper script'
Traceback (most recent call last):
  File "/usr/lib/python3.9/site-packages/variety/VarietyWindow.py", line 2619, in get_desktop_wallpaper
    output = subprocess.check_output(script).decode().strip()
  File "/usr/lib/python3.9/subprocess.py", line 424, in check_output
    return run(*popenargs, stdout=PIPE, timeout=timeout, check=True,
  File "/usr/lib/python3.9/subprocess.py", line 528, in run
    raise CalledProcessError(retcode, process.args,
subprocess.CalledProcessError: Command '/home/rif/.config/variety/scripts/get_wallpaper' returned non-zero exit status 1.
INFO: 2021-10-24 19:40:15,662: update_indicator() 'Setting file info to: /home/rif/.config/variety/Downloaded/wallhaven_wallhaven_cc_search_q_id_1_sorting_random_ref_fp/wallhaven-mp33gm.jpg'
INFO: 2021-10-24 19:40:15,666: list_files() 'More than 1 files in the folders, stop listing'
INFO: 2021-10-24 19:40:45,740: do_set_wp() 'Calling do_set_wp with /usr/share/backgrounds/xfce/xfce-teal.jpg, time: 1635082845.740383'
ERROR: 2021-10-24 19:40:45,782: get_desktop_wallpaper() 'Exception when calling get_wallpaper script'
Traceback (most recent call last):
  File "/usr/lib/python3.9/site-packages/variety/VarietyWindow.py", line 2619, in get_desktop_wallpaper
    output = subprocess.check_output(script).decode().strip()
  File "/usr/lib/python3.9/subprocess.py", line 424, in check_output
    return run(*popenargs, stdout=PIPE, timeout=timeout, check=True,
  File "/usr/lib/python3.9/subprocess.py", line 528, in run
    raise CalledProcessError(retcode, process.args,
subprocess.CalledProcessError: Command '/home/rif/.config/variety/scripts/get_wallpaper' returned non-zero exit status 1.
INFO: 2021-10-24 19:40:45,784: update_indicator() 'Setting file info to: /usr/share/backgrounds/xfce/xfce-teal.jpg'
INFO: 2021-10-24 19:40:45,785: list_files() 'More than 1 files in the folders, stop listing'
INFO: 2021-10-24 19:41:07,704: do_set_wp() 'Calling do_set_wp with /home/rif/.config/variety/Downloaded/wallhaven_wallhaven_cc_search_q_id_1_sorting_random_ref_fp/wallhaven-mp33gm.jpg, time: 1635082867.7047548'
ERROR: 2021-10-24 19:41:07,752: get_desktop_wallpaper() 'Exception when calling get_wallpaper script'
Traceback (most recent call last):
  File "/usr/lib/python3.9/site-packages/variety/VarietyWindow.py", line 2619, in get_desktop_wallpaper
    output = subprocess.check_output(script).decode().strip()
  File "/usr/lib/python3.9/subprocess.py", line 424, in check_output
    return run(*popenargs, stdout=PIPE, timeout=timeout, check=True,
  File "/usr/lib/python3.9/subprocess.py", line 528, in run
    raise CalledProcessError(retcode, process.args,
subprocess.CalledProcessError: Command '/home/rif/.config/variety/scripts/get_wallpaper' returned non-zero exit status 1.
INFO: 2021-10-24 19:41:07,753: update_indicator() 'Setting file info to: /home/rif/.config/variety/Downloaded/wallhaven_wallhaven_cc_search_q_id_1_sorting_random_ref_fp/wallhaven-mp33gm.jpg'
INFO: 2021-10-24 19:41:07,758: list_files() 'More than 1 files in the folders, stop listing'
